<?xml version="1.0" encoding="UTF-8"?>
<robot generator="Robot 5.0.1 (Python 3.10.6 on win32)" generated="20220912 22:46:49.133" rpa="false" schemaversion="3">
<suite id="s1" name="Challenge Portfolio Pati Robotframework" source="C:\Users\aromanenko\OneDrive - LPP S.A\Dokumenty\GitHub\challenge_portfolio_pati_robotframework">
<suite id="s1-s1" name="Test Login Rf" source="C:\Users\aromanenko\OneDrive - LPP S.A\Dokumenty\GitHub\challenge_portfolio_pati_robotframework\test_login_rf.robot">
<test id="s1-s1-t1" name="TC1 log in title of page" line="33">
<kw name="Open login page">
<kw name="Open Browser" library="SeleniumLibrary">
<arg>${LOGIN URL}</arg>
<arg>${BROWSER}</arg>
<doc>Opens a new browser instance to the optional ``url``.</doc>
<msg timestamp="20220912 22:46:49.291" level="INFO">Opening browser 'Chrome' to base url 'https://scouts-test.futbolkolektyw.pl/en'.</msg>
<status status="PASS" starttime="20220912 22:46:49.291" endtime="20220912 22:46:51.633"/>
</kw>
<kw name="Title Should Be" library="SeleniumLibrary">
<arg>${TITLE LOGINPAGE}</arg>
<doc>Verifies that the current page title equals ``title``.</doc>
<msg timestamp="20220912 22:46:51.639" level="INFO">Page title is 'Scouts panel - sign in'.</msg>
<status status="PASS" starttime="20220912 22:46:51.634" endtime="20220912 22:46:51.639"/>
</kw>
<status status="PASS" starttime="20220912 22:46:49.291" endtime="20220912 22:46:51.639"/>
</kw>
<kw name="Close Browser" library="SeleniumLibrary" type="TEARDOWN">
<doc>Closes the current browser.</doc>
<status status="PASS" starttime="20220912 22:46:51.639" endtime="20220912 22:46:53.915"/>
</kw>
<status status="PASS" starttime="20220912 22:46:49.290" endtime="20220912 22:46:53.915"/>
</test>
<test id="s1-s1-t2" name="TC2 log in title in header form" line="36">
<kw name="Open login page">
<kw name="Open Browser" library="SeleniumLibrary">
<arg>${LOGIN URL}</arg>
<arg>${BROWSER}</arg>
<doc>Opens a new browser instance to the optional ``url``.</doc>
<msg timestamp="20220912 22:46:53.919" level="INFO">Opening browser 'Chrome' to base url 'https://scouts-test.futbolkolektyw.pl/en'.</msg>
<status status="PASS" starttime="20220912 22:46:53.918" endtime="20220912 22:46:55.922"/>
</kw>
<kw name="Title Should Be" library="SeleniumLibrary">
<arg>${TITLE LOGINPAGE}</arg>
<doc>Verifies that the current page title equals ``title``.</doc>
<msg timestamp="20220912 22:46:55.931" level="INFO">Page title is 'Scouts panel - sign in'.</msg>
<status status="PASS" starttime="20220912 22:46:55.923" endtime="20220912 22:46:55.931"/>
</kw>
<status status="PASS" starttime="20220912 22:46:53.917" endtime="20220912 22:46:55.931"/>
</kw>
<kw name="Compare title login form">
<kw name="Element Text Should Be" library="SeleniumLibrary">
<arg>${HEADER FORM}</arg>
<arg>Scouts Panel</arg>
<doc>Verifies that element ``locator`` contains exact the text ``expected``.</doc>
<msg timestamp="20220912 22:46:55.933" level="INFO">Verifying element 'xpath=//child::div/h5' contains exact text 'Scouts Panel'.</msg>
<status status="PASS" starttime="20220912 22:46:55.932" endtime="20220912 22:46:55.970"/>
</kw>
<status status="PASS" starttime="20220912 22:46:55.931" endtime="20220912 22:46:55.971"/>
</kw>
<kw name="Close Browser" library="SeleniumLibrary" type="TEARDOWN">
<doc>Closes the current browser.</doc>
<status status="PASS" starttime="20220912 22:46:55.971" endtime="20220912 22:46:58.246"/>
</kw>
<status status="PASS" starttime="20220912 22:46:53.917" endtime="20220912 22:46:58.246"/>
</test>
<test id="s1-s1-t3" name="TC3 log in to the system" line="40">
<kw name="Open login page">
<kw name="Open Browser" library="SeleniumLibrary">
<arg>${LOGIN URL}</arg>
<arg>${BROWSER}</arg>
<doc>Opens a new browser instance to the optional ``url``.</doc>
<msg timestamp="20220912 22:46:58.248" level="INFO">Opening browser 'Chrome' to base url 'https://scouts-test.futbolkolektyw.pl/en'.</msg>
<status status="PASS" starttime="20220912 22:46:58.247" endtime="20220912 22:47:00.278"/>
</kw>
<kw name="Title Should Be" library="SeleniumLibrary">
<arg>${TITLE LOGINPAGE}</arg>
<doc>Verifies that the current page title equals ``title``.</doc>
<msg timestamp="20220912 22:47:00.283" level="INFO">Page title is 'Scouts panel - sign in'.</msg>
<status status="PASS" starttime="20220912 22:47:00.278" endtime="20220912 22:47:00.284"/>
</kw>
<status status="PASS" starttime="20220912 22:46:58.247" endtime="20220912 22:47:00.284"/>
</kw>
<kw name="Type in email">
<kw name="Input Text" library="SeleniumLibrary">
<arg>${INPUT EMAIL}</arg>
<arg>user01@getnada.com</arg>
<doc>Types the given ``text`` into the text field identified by ``locator``.</doc>
<msg timestamp="20220912 22:47:00.285" level="INFO">Typing text 'user01@getnada.com' into text field 'xpath=//*[@id='login']'.</msg>
<status status="PASS" starttime="20220912 22:47:00.284" endtime="20220912 22:47:00.477"/>
</kw>
<status status="PASS" starttime="20220912 22:47:00.284" endtime="20220912 22:47:00.477"/>
</kw>
<kw name="Type in password">
<kw name="Input Text" library="SeleniumLibrary">
<arg>${INPUT PASSWORD}</arg>
<arg>Test-1234</arg>
<doc>Types the given ``text`` into the text field identified by ``locator``.</doc>
<msg timestamp="20220912 22:47:00.477" level="INFO">Typing text 'Test-1234' into text field 'xpath=//*[@id='password']'.</msg>
<status status="PASS" starttime="20220912 22:47:00.477" endtime="20220912 22:47:00.585"/>
</kw>
<status status="PASS" starttime="20220912 22:47:00.477" endtime="20220912 22:47:00.585"/>
</kw>
<kw name="Click on the Submit button">
<kw name="Click Element" library="SeleniumLibrary">
<arg>${BUTTON SIGNIN}</arg>
<doc>Click the element identified by ``locator``.</doc>
<msg timestamp="20220912 22:47:00.586" level="INFO">Clicking element 'xpath=//*[contains(@type, 'submit')]'.</msg>
<status status="PASS" starttime="20220912 22:47:00.586" endtime="20220912 22:47:00.634"/>
</kw>
<status status="PASS" starttime="20220912 22:47:00.585" endtime="20220912 22:47:00.634"/>
</kw>
<kw name="Assert dashboard">
<kw name="Wait Until Element Is Visible" library="SeleniumLibrary">
<arg>${PAGELOGO}</arg>
<doc>Waits until the element ``locator`` is visible.</doc>
<status status="PASS" starttime="20220912 22:47:00.635" endtime="20220912 22:47:01.758"/>
</kw>
<kw name="Title Should Be" library="SeleniumLibrary">
<arg>${TITLE DBPAGE}</arg>
<doc>Verifies that the current page title equals ``title``.</doc>
<msg timestamp="20220912 22:47:01.763" level="INFO">Page title is 'Scouts panel'.</msg>
<status status="PASS" starttime="20220912 22:47:01.758" endtime="20220912 22:47:01.763"/>
</kw>
<kw name="Capture Page Screenshot" library="SeleniumLibrary">
<arg>OpenDashboard.png</arg>
<doc>Takes a screenshot of the current page and embeds it into a log file.</doc>
<msg timestamp="20220912 22:47:01.876" level="INFO" html="true">&lt;/td&gt;&lt;/tr&gt;&lt;tr&gt;&lt;td colspan="3"&gt;&lt;a href="OpenDashboard.png"&gt;&lt;img src="OpenDashboard.png" width="800px"&gt;&lt;/a&gt;</msg>
<status status="PASS" starttime="20220912 22:47:01.763" endtime="20220912 22:47:01.876"/>
</kw>
<status status="PASS" starttime="20220912 22:47:00.634" endtime="20220912 22:47:01.876"/>
</kw>
<kw name="Close Browser" library="SeleniumLibrary" type="TEARDOWN">
<doc>Closes the current browser.</doc>
<status status="PASS" starttime="20220912 22:47:01.877" endtime="20220912 22:47:04.114"/>
</kw>
<status status="PASS" starttime="20220912 22:46:58.247" endtime="20220912 22:47:04.114"/>
</test>
<test id="s1-s1-t4" name="TC4 negative log in to the system" line="47">
<kw name="Open login page">
<kw name="Open Browser" library="SeleniumLibrary">
<arg>${LOGIN URL}</arg>
<arg>${BROWSER}</arg>
<doc>Opens a new browser instance to the optional ``url``.</doc>
<msg timestamp="20220912 22:47:04.117" level="INFO">Opening browser 'Chrome' to base url 'https://scouts-test.futbolkolektyw.pl/en'.</msg>
<status status="PASS" starttime="20220912 22:47:04.116" endtime="20220912 22:47:06.129"/>
</kw>
<kw name="Title Should Be" library="SeleniumLibrary">
<arg>${TITLE LOGINPAGE}</arg>
<doc>Verifies that the current page title equals ``title``.</doc>
<msg timestamp="20220912 22:47:06.136" level="INFO">Page title is 'Scouts panel - sign in'.</msg>
<status status="PASS" starttime="20220912 22:47:06.129" endtime="20220912 22:47:06.136"/>
</kw>
<status status="PASS" starttime="20220912 22:47:04.116" endtime="20220912 22:47:06.136"/>
</kw>
<kw name="Type in email">
<kw name="Input Text" library="SeleniumLibrary">
<arg>${INPUT EMAIL}</arg>
<arg>user01@getnada.com</arg>
<doc>Types the given ``text`` into the text field identified by ``locator``.</doc>
<msg timestamp="20220912 22:47:06.138" level="INFO">Typing text 'user01@getnada.com' into text field 'xpath=//*[@id='login']'.</msg>
<status status="PASS" starttime="20220912 22:47:06.137" endtime="20220912 22:47:06.381"/>
</kw>
<status status="PASS" starttime="20220912 22:47:06.136" endtime="20220912 22:47:06.381"/>
</kw>
<kw name="Type incorrect password">
<kw name="Input Text" library="SeleniumLibrary">
<arg>${INPUT PASSWORD}</arg>
<arg>Test</arg>
<doc>Types the given ``text`` into the text field identified by ``locator``.</doc>
<msg timestamp="20220912 22:47:06.382" level="INFO">Typing text 'Test' into text field 'xpath=//*[@id='password']'.</msg>
<status status="PASS" starttime="20220912 22:47:06.381" endtime="20220912 22:47:06.481"/>
</kw>
<status status="PASS" starttime="20220912 22:47:06.381" endtime="20220912 22:47:06.482"/>
</kw>
<kw name="Click on the Submit button">
<kw name="Click Element" library="SeleniumLibrary">
<arg>${BUTTON SIGNIN}</arg>
<doc>Click the element identified by ``locator``.</doc>
<msg timestamp="20220912 22:47:06.482" level="INFO">Clicking element 'xpath=//*[contains(@type, 'submit')]'.</msg>
<status status="PASS" starttime="20220912 22:47:06.482" endtime="20220912 22:47:06.528"/>
</kw>
<status status="PASS" starttime="20220912 22:47:06.482" endtime="20220912 22:47:06.528"/>
</kw>
<kw name="Assert visibile error">
<kw name="Wait Until Element Is Visible" library="SeleniumLibrary">
<arg>${ERROR PASS}</arg>
<doc>Waits until the element ``locator`` is visible.</doc>
<status status="PASS" starttime="20220912 22:47:06.528" endtime="20220912 22:47:07.209"/>
</kw>
<kw name="Capture Page Screenshot" library="SeleniumLibrary">
<arg>ErrorPass.png</arg>
<doc>Takes a screenshot of the current page and embeds it into a log file.</doc>
<msg timestamp="20220912 22:47:07.346" level="INFO" html="true">&lt;/td&gt;&lt;/tr&gt;&lt;tr&gt;&lt;td colspan="3"&gt;&lt;a href="ErrorPass.png"&gt;&lt;img src="ErrorPass.png" width="800px"&gt;&lt;/a&gt;</msg>
<status status="PASS" starttime="20220912 22:47:07.209" endtime="20220912 22:47:07.346"/>
</kw>
<status status="PASS" starttime="20220912 22:47:06.528" endtime="20220912 22:47:07.346"/>
</kw>
<kw name="Close Browser" library="SeleniumLibrary" type="TEARDOWN">
<doc>Closes the current browser.</doc>
<status status="PASS" starttime="20220912 22:47:07.346" endtime="20220912 22:47:09.589"/>
</kw>
<status status="PASS" starttime="20220912 22:47:04.115" endtime="20220912 22:47:09.589"/>
</test>
<test id="s1-s1-t5" name="TC5 create player" line="54">
<kw name="Open login page">
<kw name="Open Browser" library="SeleniumLibrary">
<arg>${LOGIN URL}</arg>
<arg>${BROWSER}</arg>
<doc>Opens a new browser instance to the optional ``url``.</doc>
<msg timestamp="20220912 22:47:09.590" level="INFO">Opening browser 'Chrome' to base url 'https://scouts-test.futbolkolektyw.pl/en'.</msg>
<status status="PASS" starttime="20220912 22:47:09.590" endtime="20220912 22:47:11.503"/>
</kw>
<kw name="Title Should Be" library="SeleniumLibrary">
<arg>${TITLE LOGINPAGE}</arg>
<doc>Verifies that the current page title equals ``title``.</doc>
<msg timestamp="20220912 22:47:11.508" level="INFO">Page title is 'Scouts panel - sign in'.</msg>
<status status="PASS" starttime="20220912 22:47:11.504" endtime="20220912 22:47:11.508"/>
</kw>
<status status="PASS" starttime="20220912 22:47:09.590" endtime="20220912 22:47:11.508"/>
</kw>
<kw name="Type in email">
<kw name="Input Text" library="SeleniumLibrary">
<arg>${INPUT EMAIL}</arg>
<arg>user01@getnada.com</arg>
<doc>Types the given ``text`` into the text field identified by ``locator``.</doc>
<msg timestamp="20220912 22:47:11.508" level="INFO">Typing text 'user01@getnada.com' into text field 'xpath=//*[@id='login']'.</msg>
<status status="PASS" starttime="20220912 22:47:11.508" endtime="20220912 22:47:11.707"/>
</kw>
<status status="PASS" starttime="20220912 22:47:11.508" endtime="20220912 22:47:11.707"/>
</kw>
<kw name="Type in password">
<kw name="Input Text" library="SeleniumLibrary">
<arg>${INPUT PASSWORD}</arg>
<arg>Test-1234</arg>
<doc>Types the given ``text`` into the text field identified by ``locator``.</doc>
<msg timestamp="20220912 22:47:11.709" level="INFO">Typing text 'Test-1234' into text field 'xpath=//*[@id='password']'.</msg>
<status status="PASS" starttime="20220912 22:47:11.709" endtime="20220912 22:47:11.832"/>
</kw>
<status status="PASS" starttime="20220912 22:47:11.709" endtime="20220912 22:47:11.832"/>
</kw>
<kw name="Click on the Submit button">
<kw name="Click Element" library="SeleniumLibrary">
<arg>${BUTTON SIGNIN}</arg>
<doc>Click the element identified by ``locator``.</doc>
<msg timestamp="20220912 22:47:11.833" level="INFO">Clicking element 'xpath=//*[contains(@type, 'submit')]'.</msg>
<status status="PASS" starttime="20220912 22:47:11.832" endtime="20220912 22:47:11.883"/>
</kw>
<status status="PASS" starttime="20220912 22:47:11.832" endtime="20220912 22:47:11.883"/>
</kw>
<kw name="Assert dashboard">
<kw name="Wait Until Element Is Visible" library="SeleniumLibrary">
<arg>${PAGELOGO}</arg>
<doc>Waits until the element ``locator`` is visible.</doc>
<status status="PASS" starttime="20220912 22:47:11.884" endtime="20220912 22:47:13.049"/>
</kw>
<kw name="Title Should Be" library="SeleniumLibrary">
<arg>${TITLE DBPAGE}</arg>
<doc>Verifies that the current page title equals ``title``.</doc>
<msg timestamp="20220912 22:47:13.055" level="INFO">Page title is 'Scouts panel'.</msg>
<status status="PASS" starttime="20220912 22:47:13.049" endtime="20220912 22:47:13.055"/>
</kw>
<kw name="Capture Page Screenshot" library="SeleniumLibrary">
<arg>OpenDashboard.png</arg>
<doc>Takes a screenshot of the current page and embeds it into a log file.</doc>
<msg timestamp="20220912 22:47:13.196" level="INFO" html="true">&lt;/td&gt;&lt;/tr&gt;&lt;tr&gt;&lt;td colspan="3"&gt;&lt;a href="OpenDashboard.png"&gt;&lt;img src="OpenDashboard.png" width="800px"&gt;&lt;/a&gt;</msg>
<status status="PASS" starttime="20220912 22:47:13.055" endtime="20220912 22:47:13.198"/>
</kw>
<status status="PASS" starttime="20220912 22:47:11.883" endtime="20220912 22:47:13.198"/>
</kw>
<kw name="Click on the Add Player">
<kw name="Click Element" library="SeleniumLibrary">
<arg>${BUTTON ADDPLAYER}</arg>
<doc>Click the element identified by ``locator``.</doc>
<msg timestamp="20220912 22:47:13.199" level="INFO">Clicking element 'xpath=//div[2]/div/div/a/button'.</msg>
<status status="PASS" starttime="20220912 22:47:13.198" endtime="20220912 22:47:13.241"/>
</kw>
<status status="PASS" starttime="20220912 22:47:13.198" endtime="20220912 22:47:13.242"/>
</kw>
<kw name="Type in name">
<kw name="Input Text" library="SeleniumLibrary">
<arg>${INPUT NAME}</arg>
<arg>Peter</arg>
<doc>Types the given ``text`` into the text field identified by ``locator``.</doc>
<msg timestamp="20220912 22:47:13.243" level="INFO">Typing text 'Peter' into text field 'xpath=//*[@name='name']'.</msg>
<status status="PASS" starttime="20220912 22:47:13.242" endtime="20220912 22:47:13.427"/>
</kw>
<status status="PASS" starttime="20220912 22:47:13.242" endtime="20220912 22:47:13.427"/>
</kw>
<kw name="Type in surname">
<kw name="Input Text" library="SeleniumLibrary">
<arg>${INPUT SURNAME}</arg>
<arg>Pan</arg>
<doc>Types the given ``text`` into the text field identified by ``locator``.</doc>
<msg timestamp="20220912 22:47:13.428" level="INFO">Typing text 'Pan' into text field 'xpath=//*[@name='surname']'.</msg>
<status status="PASS" starttime="20220912 22:47:13.428" endtime="20220912 22:47:13.516"/>
</kw>
<status status="PASS" starttime="20220912 22:47:13.428" endtime="20220912 22:47:13.516"/>
</kw>
<kw name="Type in left leg">
<kw name="Click Element" library="SeleniumLibrary">
<arg>${LEG OPEN LIST}</arg>
<doc>Click the element identified by ``locator``.</doc>
<msg timestamp="20220912 22:47:13.517" level="INFO">Clicking element 'xpath=//*[@id='mui-component-select-leg']'.</msg>
<status status="PASS" starttime="20220912 22:47:13.517" endtime="20220912 22:47:13.577"/>
</kw>
<kw name="Click Element" library="SeleniumLibrary">
<arg>${LEG LEFT}</arg>
<doc>Click the element identified by ``locator``.</doc>
<msg timestamp="20220912 22:47:13.577" level="INFO">Clicking element 'xpath=//*[@id='menu-leg']//li[2]'.</msg>
<status status="PASS" starttime="20220912 22:47:13.577" endtime="20220912 22:47:13.636"/>
</kw>
<status status="PASS" starttime="20220912 22:47:13.516" endtime="20220912 22:47:13.636"/>
</kw>
<kw name="Type in age">
<kw name="Input Text" library="SeleniumLibrary">
<arg>${INPUT AGE}</arg>
<arg>29.08.1950</arg>
<doc>Types the given ``text`` into the text field identified by ``locator``.</doc>
<msg timestamp="20220912 22:47:13.637" level="INFO">Typing text '29.08.1950' into text field 'xpath=//*[@name='age']'.</msg>
<status status="PASS" starttime="20220912 22:47:13.636" endtime="20220912 22:47:13.750"/>
</kw>
<status status="PASS" starttime="20220912 22:47:13.636" endtime="20220912 22:47:13.750"/>
</kw>
<kw name="Type in position">
<kw name="Input Text" library="SeleniumLibrary">
<arg>${INPUT POSITION}</arg>
<arg>captain</arg>
<doc>Types the given ``text`` into the text field identified by ``locator``.</doc>
<msg timestamp="20220912 22:47:13.750" level="INFO">Typing text 'captain' into text field 'xpath=//*[@name='mainPosition']'.</msg>
<status status="PASS" starttime="20220912 22:47:13.750" endtime="20220912 22:47:13.864"/>
</kw>
<status status="PASS" starttime="20220912 22:47:13.750" endtime="20220912 22:47:13.864"/>
</kw>
<kw name="Press the submit button">
<kw name="Click Element" library="SeleniumLibrary">
<arg>${BUTTON SUBMIT}</arg>
<doc>Click the element identified by ``locator``.</doc>
<msg timestamp="20220912 22:47:13.865" level="INFO">Clicking element 'xpath=//*[@type='submit']'.</msg>
<status status="PASS" starttime="20220912 22:47:13.864" endtime="20220912 22:47:13.927"/>
</kw>
<status status="PASS" starttime="20220912 22:47:13.864" endtime="20220912 22:47:13.927"/>
</kw>
<kw name="Toast success the form">
<kw name="Wait Until Element Is Visible" library="SeleniumLibrary">
<arg>${TOAST SUCCESS}</arg>
<doc>Waits until the element ``locator`` is visible.</doc>
<status status="PASS" starttime="20220912 22:47:13.927" endtime="20220912 22:47:14.634"/>
</kw>
<kw name="Capture Page Screenshot" library="SeleniumLibrary">
<arg>AddPlayer.png</arg>
<doc>Takes a screenshot of the current page and embeds it into a log file.</doc>
<msg timestamp="20220912 22:47:14.805" level="INFO" html="true">&lt;/td&gt;&lt;/tr&gt;&lt;tr&gt;&lt;td colspan="3"&gt;&lt;a href="AddPlayer.png"&gt;&lt;img src="AddPlayer.png" width="800px"&gt;&lt;/a&gt;</msg>
<status status="PASS" starttime="20220912 22:47:14.635" endtime="20220912 22:47:14.805"/>
</kw>
<status status="PASS" starttime="20220912 22:47:13.927" endtime="20220912 22:47:14.805"/>
</kw>
<kw name="Close Browser" library="SeleniumLibrary" type="TEARDOWN">
<doc>Closes the current browser.</doc>
<status status="PASS" starttime="20220912 22:47:14.806" endtime="20220912 22:47:17.037"/>
</kw>
<status status="PASS" starttime="20220912 22:47:09.589" endtime="20220912 22:47:17.037"/>
</test>
<doc>Suite description #automated tests for scout website</doc>
<status status="PASS" starttime="20220912 22:46:49.150" endtime="20220912 22:47:17.038"/>
</suite>
<status status="PASS" starttime="20220912 22:46:49.135" endtime="20220912 22:47:17.040"/>
</suite>
<statistics>
<total>
<stat pass="5" fail="0" skip="0">All Tests</stat>
</total>
<tag>
</tag>
<suite>
<stat pass="5" fail="0" skip="0" id="s1" name="Challenge Portfolio Pati Robotframework">Challenge Portfolio Pati Robotframework</stat>
<stat pass="5" fail="0" skip="0" id="s1-s1" name="Test Login Rf">Challenge Portfolio Pati Robotframework.Test Login Rf</stat>
</suite>
</statistics>
<errors>
<msg timestamp="20220912 22:46:49.151" level="ERROR">Error in file 'C:\Users\aromanenko\OneDrive - LPP S.A\Dokumenty\GitHub\challenge_portfolio_pati_robotframework\test_login_rf.robot' on line 30: Setting variable 'xpath=//div[2]/div/div/a/button' failed: Invalid variable name 'xpath=//div[2]/div/div/a/button'.</msg>
</errors>
</robot>
